Arguments: 
  C:\Program Files\nodejs\node.exe C:\Program Files (x86)\Yarn\bin\yarn.js install

PATH: 
  C:\ProgramData\DockerDesktop\version-bin;C:\Program Files\Docker\Docker\Resources\bin;C:\Windows\system32;C:\Windows;C:\Windows\System32\Wbem;C:\Windows\System32\WindowsPowerShell\v1.0\;C:\Windows\System32\OpenSSH\;C:\Program Files\Intel\WiFi\bin\;C:\Program Files\Common Files\Intel\WirelessCommon\;C:\Program Files\Git\cmd;C:\Program Files (x86)\Yarn\bin\;C:\Program Files\nodejs\;C:\Go\bin;C:\Users\StandbyMik\AppData\Local\Microsoft\WindowsApps;;C:\Users\StandbyMik\AppData\Local\Programs\Microsoft VS Code\bin;C:\Users\StandbyMik\AppData\Local\Yarn\bin;C:\Users\StandbyMik\AppData\Roaming\npm;C:\Users\StandbyMik\go\bin

Yarn version: 
  1.17.3

Node version: 
  10.16.3

Platform: 
  win32 x64

Trace: 
  Error: EPERM: operation not permitted, lstat 'C:\Users\StandbyMik\Desktop\standbymik\docker-mongodb-mysql-nodejs\nodejs\node_modules\uri-js\package.json'

npm manifest: 
  {
    "name": "nodejs",
    "version": "1.0.0",
    "description": "",
    "main": "app.js",
    "scripts": {
      "test": "echo \"Error: no test specified\" && exit 1",
      "start": "yarn add nodemon -g && nodemon -L app.js --exec babel-node"
    },
    "author": "",
    "license": "ISC",
    "dependencies": {
      "body-parser": "^1.19.0",
      "cors": "^2.8.5",
      "dotenv": "^8.1.0",
      "express": "^4.17.1",
      "express-validator": "^6.1.1",
      "ioredis": "^4.14.0",
      "mssql": "^5.1.0",
      "mysql": "^2.17.1"
    },
    "devDependencies": {
      "@babel/core": "^7.5.5",
      "@babel/node": "^7.5.5",
      "@babel/preset-env": "^7.5.5",
      "nodemon": "^1.19.1"
    }
  }

yarn manifest: 
  No manifest

Lockfile: 
  No lockfile
